This is pdfTeX, Version 3.141592653-2.6-1.40.26 (TeX Live 2024) (preloaded format=latex 2024.11.17)  9 DEC 2024 20:33
entering extended mode
 restricted \write18 enabled.
 %&-line parsing enabled.
**"wordcount.tex\csname ?\endcsname"
(/usr/local/texlive/2024/texmf-dist/tex/latex/wordcount/wordcount.tex
LaTeX2e <2023-11-01> patch level 1
L3 programming layer <2024-02-20>
File: wordcount.tex 2016/06/03 v1.7 Michael Downes
(/usr/local/texlive/2024/texmf-dist/tex/latex/base/fontenc.sty
Package: fontenc 2021/04/29 v2.0v Standard LaTeX package
)
\thickmuskip=\muskip16
\@charfontname=\skip48
\hfuzz=\dimen140

No auxiliary output files.

File name [press RETURN to cancel]: AlzheimerPrediction.tex
AlzheimerPrediction.tex
Processing AlzheimerPrediction.tex...



! LaTeX Error: File `AlzheimerPrediction.tex' not found.

Type X to quit or <RETURN> to proceed,
or enter new name. (Default extension: tex)

Enter file name: 
! Emergency stop.
<read *> 
         
l.198 \@tempa
             ^^M
*** (cannot \read from terminal in nonstop modes)

 
Here is how much of TeX's memory you used:
 258 strings out of 474117
 2602 string characters out of 5743707
 1925184 words of memory out of 5000000
 22711 multiletter control sequences out of 15000+600000
 560482 words of font info for 38 fonts, out of 8000000 for 9000
 1141 hyphenation exceptions out of 8191
 31i,0n,37p,148b,40s stack positions out of 10000i,1000n,20000p,200000b,200000s
No pages of output.
